[ 2018-03-16T10:25:26+08:00 ] 127.0.0.1 /review/
INFO: [ app_init ] --START--
INFO: Run Behavior\BuildLiteBehavior [ RunTime:0.000000s ]
INFO: [ app_init ] --END-- [ RunTime:0.001000s ]
INFO: [ app_begin ] --START--
INFO: Run Behavior\ReadHtmlCacheBehavior [ RunTime:0.001000s ]
INFO: [ app_begin ] --END-- [ RunTime:0.001000s ]
ERR: Êó†Ê≥ïÂä†ËΩΩÊéßÂà∂Âô®:Index

[ 2018-03-16T10:25:33+08:00 ] 127.0.0.1 /review/login
INFO: [ app_init ] --START--
INFO: Run Behavior\BuildLiteBehavior [ RunTime:0.000000s ]
INFO: [ app_init ] --END-- [ RunTime:0.001000s ]
INFO: [ app_begin ] --START--
INFO: Run Behavior\ReadHtmlCacheBehavior [ RunTime:0.001000s ]
INFO: [ app_begin ] --END-- [ RunTime:0.001000s ]
NOTIC: [8] A session had already been started - ignoring session_start() D:\Desktop\E-logel6.9.1£®16.41£©\E-logel\Application\Review\Controller\LoginController.class.php Á¨¨ 14 Ë°å.
INFO: [ view_parse ] --START--
INFO: [ template_filter ] --START--
INFO: Run Behavior\ContentReplaceBehavior [ RunTime:0.002000s ]
INFO: [ template_filter ] --END-- [ RunTime:0.002000s ]
INFO: Run Behavior\ParseTemplateBehavior [ RunTime:0.013001s ]
INFO: [ view_parse ] --END-- [ RunTime:0.013001s ]
INFO: [ view_filter ] --START--
INFO: Run Behavior\WriteHtmlCacheBehavior [ RunTime:0.001000s ]
INFO: [ view_filter ] --END-- [ RunTime:0.001000s ]
INFO: [ app_end ] --START--
INFO: Run Behavior\ShowPageTraceBehavior [ RunTime:0.001000s ]
INFO: [ app_end ] --END-- [ RunTime:0.001000s ]

[ 2018-03-16T10:25:33+08:00 ] 127.0.0.1 /index.php/review/login/captcha.html
INFO: [ app_init ] --START--
INFO: Run Behavior\BuildLiteBehavior [ RunTime:0.000000s ]
INFO: [ app_init ] --END-- [ RunTime:0.002001s ]
INFO: [ app_begin ] --START--
INFO: Run Behavior\ReadHtmlCacheBehavior [ RunTime:0.000000s ]
INFO: [ app_begin ] --END-- [ RunTime:0.000000s ]
NOTIC: [8] A session had already been started - ignoring session_start() D:\Desktop\E-logel6.9.1£®16.41£©\E-logel\Application\Review\Controller\LoginController.class.php Á¨¨ 14 Ë°å.
INFO: [ app_end ] --START--
INFO: Run Behavior\ShowPageTraceBehavior [ RunTime:0.001000s ]
INFO: [ app_end ] --END-- [ RunTime:0.001000s ]

[ 2018-03-16T10:25:53+08:00 ] 127.0.0.1 /index.php/review/login/dologin.html
INFO: [ app_init ] --START--
INFO: Run Behavior\BuildLiteBehavior [ RunTime:0.000000s ]
INFO: [ app_init ] --END-- [ RunTime:0.000000s ]
INFO: [ app_begin ] --START--
INFO: Run Behavior\ReadHtmlCacheBehavior [ RunTime:0.000000s ]
INFO: [ app_begin ] --END-- [ RunTime:0.000000s ]
NOTIC: [8] A session had already been started - ignoring session_start() D:\Desktop\E-logel6.9.1£®16.41£©\E-logel\Application\Review\Controller\LoginController.class.php Á¨¨ 14 Ë°å.
ERR: 1146:Table 'cans.shroots' doesn't exist
 [ SQLËØ≠Âè• ] : SHOW COLUMNS FROM `shroots`
ERR: 1146:Table 'cans.shroots' doesn't exist
 [ SQLËØ≠Âè• ] : SHOW COLUMNS FROM `shroots`

[ 2018-03-16T13:22:54+08:00 ] 127.0.0.1 /index.php/review/login/dologin.html
INFO: [ app_init ] --START--
INFO: Run Behavior\BuildLiteBehavior [ RunTime:0.000000s ]
INFO: [ app_init ] --END-- [ RunTime:0.001000s ]
INFO: [ app_begin ] --START--
INFO: Run Behavior\ReadHtmlCacheBehavior [ RunTime:0.001000s ]
INFO: [ app_begin ] --END-- [ RunTime:0.001000s ]
NOTIC: [8] A session had already been started - ignoring session_start() D:\Desktop\E-logel6.9.1£®16.41£©\E-logel\Application\Review\Controller\LoginController.class.php Á¨¨ 14 Ë°å.
INFO: [ app_end ] --START--
INFO: Run Behavior\ShowPageTraceBehavior [ RunTime:0.001000s ]
INFO: [ app_end ] --END-- [ RunTime:0.001000s ]

[ 2018-03-16T13:23:00+08:00 ] 127.0.0.1 /index.php/review/login/dologin.html
INFO: [ app_init ] --START--
INFO: Run Behavior\BuildLiteBehavior [ RunTime:0.000000s ]
INFO: [ app_init ] --END-- [ RunTime:0.001000s ]
INFO: [ app_begin ] --START--
INFO: Run Behavior\ReadHtmlCacheBehavior [ RunTime:0.000000s ]
INFO: [ app_begin ] --END-- [ RunTime:0.000000s ]
NOTIC: [8] A session had already been started - ignoring session_start() D:\Desktop\E-logel6.9.1£®16.41£©\E-logel\Application\Review\Controller\LoginController.class.php Á¨¨ 14 Ë°å.
INFO: [ app_end ] --START--
INFO: Run Behavior\ShowPageTraceBehavior [ RunTime:0.001001s ]
INFO: [ app_end ] --END-- [ RunTime:0.001001s ]

[ 2018-03-16T13:23:03+08:00 ] 127.0.0.1 /index.php/review/login/captcha.html?0.29544025877669244
INFO: [ app_init ] --START--
INFO: Run Behavior\BuildLiteBehavior [ RunTime:0.000000s ]
INFO: [ app_init ] --END-- [ RunTime:0.000000s ]
INFO: [ app_begin ] --START--
INFO: Run Behavior\ReadHtmlCacheBehavior [ RunTime:0.000000s ]
INFO: [ app_begin ] --END-- [ RunTime:0.000000s ]
NOTIC: [8] A session had already been started - ignoring session_start() D:\Desktop\E-logel6.9.1£®16.41£©\E-logel\Application\Review\Controller\LoginController.class.php Á¨¨ 14 Ë°å.
INFO: [ app_end ] --START--
INFO: Run Behavior\ShowPageTraceBehavior [ RunTime:0.001000s ]
INFO: [ app_end ] --END-- [ RunTime:0.001000s ]

[ 2018-03-16T13:23:07+08:00 ] 127.0.0.1 /index.php/review/login/dologin.html
INFO: [ app_init ] --START--
INFO: Run Behavior\BuildLiteBehavior [ RunTime:0.000000s ]
INFO: [ app_init ] --END-- [ RunTime:0.000000s ]
INFO: [ app_begin ] --START--
INFO: Run Behavior\ReadHtmlCacheBehavior [ RunTime:0.001000s ]
INFO: [ app_begin ] --END-- [ RunTime:0.001000s ]
NOTIC: [8] A session had already been started - ignoring session_start() D:\Desktop\E-logel6.9.1£®16.41£©\E-logel\Application\Review\Controller\LoginController.class.php Á¨¨ 14 Ë°å.
ERR: 1146:Table 'cans.shroots' doesn't exist
 [ SQLËØ≠Âè• ] : SHOW COLUMNS FROM `shroots`
ERR: 1146:Table 'cans.shroots' doesn't exist
 [ SQLËØ≠Âè• ] : SHOW COLUMNS FROM `shroots`

[ 2018-03-16T13:23:35+08:00 ] 127.0.0.1 /index.php/review/login/dologin.html
INFO: [ app_init ] --START--
INFO: Run Behavior\BuildLiteBehavior [ RunTime:0.000000s ]
INFO: [ app_init ] --END-- [ RunTime:0.001000s ]
INFO: [ app_begin ] --START--
INFO: Run Behavior\ReadHtmlCacheBehavior [ RunTime:0.001000s ]
INFO: [ app_begin ] --END-- [ RunTime:0.001000s ]
NOTIC: [8] A session had already been started - ignoring session_start() D:\Desktop\E-logel6.9.1£®16.41£©\E-logel\Application\Review\Controller\LoginController.class.php Á¨¨ 14 Ë°å.
INFO: [ app_end ] --START--
INFO: Run Behavior\ShowPageTraceBehavior [ RunTime:0.001000s ]
INFO: [ app_end ] --END-- [ RunTime:0.001000s ]

[ 2018-03-16T13:23:37+08:00 ] 127.0.0.1 /index.php/review/login/captcha.html
INFO: [ app_init ] --START--
INFO: Run Behavior\BuildLiteBehavior [ RunTime:0.000000s ]
INFO: [ app_init ] --END-- [ RunTime:0.000000s ]
INFO: [ app_begin ] --START--
INFO: Run Behavior\ReadHtmlCacheBehavior [ RunTime:0.000000s ]
INFO: [ app_begin ] --END-- [ RunTime:0.000000s ]
NOTIC: [8] A session had already been started - ignoring session_start() D:\Desktop\E-logel6.9.1£®16.41£©\E-logel\Application\Review\Controller\LoginController.class.php Á¨¨ 14 Ë°å.
INFO: [ app_end ] --START--
INFO: Run Behavior\ShowPageTraceBehavior [ RunTime:0.001000s ]
INFO: [ app_end ] --END-- [ RunTime:0.001000s ]

[ 2018-03-16T13:23:39+08:00 ] 127.0.0.1 /index.php/review/login/captcha.html?0.1363170932545399
INFO: [ app_init ] --START--
INFO: Run Behavior\BuildLiteBehavior [ RunTime:0.000000s ]
INFO: [ app_init ] --END-- [ RunTime:0.001000s ]
INFO: [ app_begin ] --START--
INFO: Run Behavior\ReadHtmlCacheBehavior [ RunTime:0.001000s ]
INFO: [ app_begin ] --END-- [ RunTime:0.001000s ]
NOTIC: [8] A session had already been started - ignoring session_start() D:\Desktop\E-logel6.9.1£®16.41£©\E-logel\Application\Review\Controller\LoginController.class.php Á¨¨ 14 Ë°å.
INFO: [ app_end ] --START--
INFO: Run Behavior\ShowPageTraceBehavior [ RunTime:0.001000s ]
INFO: [ app_end ] --END-- [ RunTime:0.001000s ]

[ 2018-03-16T13:23:43+08:00 ] 127.0.0.1 /index.php/review/login/dologin.html
INFO: [ app_init ] --START--
INFO: Run Behavior\BuildLiteBehavior [ RunTime:0.000000s ]
INFO: [ app_init ] --END-- [ RunTime:0.000000s ]
INFO: [ app_begin ] --START--
INFO: Run Behavior\ReadHtmlCacheBehavior [ RunTime:0.001000s ]
INFO: [ app_begin ] --END-- [ RunTime:0.001000s ]
NOTIC: [8] A session had already been started - ignoring session_start() D:\Desktop\E-logel6.9.1£®16.41£©\E-logel\Application\Review\Controller\LoginController.class.php Á¨¨ 14 Ë°å.
SQL: SHOW COLUMNS FROM `shroots` [ RunTime:0.0100s ]
SQL: SELECT * FROM `shroots` WHERE `shroot_name` = 'root1' AND `shroot_password` = 'e10adc3949ba59abbe56e057f20f883e' LIMIT 1   [ RunTime:0.0010s ]

[ 2018-03-16T13:23:43+08:00 ] 127.0.0.1 /index.php/review/assess/boutique.html
INFO: [ app_init ] --START--
INFO: Run Behavior\BuildLiteBehavior [ RunTime:0.000000s ]
INFO: [ app_init ] --END-- [ RunTime:0.000000s ]
INFO: [ app_begin ] --START--
INFO: Run Behavior\ReadHtmlCacheBehavior [ RunTime:0.000000s ]
INFO: [ app_begin ] --END-- [ RunTime:0.000000s ]
NOTIC: [8] A session had already been started - ignoring session_start() D:\Desktop\E-logel6.9.1£®16.41£©\E-logel\Application\Review\Controller\AssessController.class.php Á¨¨ 6 Ë°å.
ERR: 1146:Table 'cans.posts' doesn't exist
 [ SQLËØ≠Âè• ] : SHOW COLUMNS FROM `posts`
ERR: 1146:Table 'cans.posts' doesn't exist
 [ SQLËØ≠Âè• ] : SHOW COLUMNS FROM `posts`

[ 2018-03-16T13:25:50+08:00 ] 127.0.0.1 /index.php/review/assess/index
INFO: [ app_init ] --START--
INFO: Run Behavior\BuildLiteBehavior [ RunTime:0.000000s ]
INFO: [ app_init ] --END-- [ RunTime:0.001000s ]
INFO: [ app_begin ] --START--
INFO: Run Behavior\ReadHtmlCacheBehavior [ RunTime:0.001000s ]
INFO: [ app_begin ] --END-- [ RunTime:0.001000s ]
NOTIC: [8] A session had already been started - ignoring session_start() D:\Desktop\E-logel6.9.1£®16.41£©\E-logel\Application\Review\Controller\AssessController.class.php Á¨¨ 6 Ë°å.
INFO: [ view_parse ] --START--
INFO: [ template_filter ] --START--
INFO: Run Behavior\ContentReplaceBehavior [ RunTime:0.000000s ]
INFO: [ template_filter ] --END-- [ RunTime:0.000000s ]
INFO: Run Behavior\ParseTemplateBehavior [ RunTime:0.005001s ]
INFO: [ view_parse ] --END-- [ RunTime:0.005001s ]
INFO: [ view_filter ] --START--
INFO: Run Behavior\WriteHtmlCacheBehavior [ RunTime:0.001000s ]
INFO: [ view_filter ] --END-- [ RunTime:0.001000s ]

[ 2018-03-16T13:26:11+08:00 ] 127.0.0.1 /index.php/review/assess/boutique.html
INFO: [ app_init ] --START--
INFO: Run Behavior\BuildLiteBehavior [ RunTime:0.000000s ]
INFO: [ app_init ] --END-- [ RunTime:0.000000s ]
INFO: [ app_begin ] --START--
INFO: Run Behavior\ReadHtmlCacheBehavior [ RunTime:0.001000s ]
INFO: [ app_begin ] --END-- [ RunTime:0.001000s ]
NOTIC: [8] A session had already been started - ignoring session_start() D:\Desktop\E-logel6.9.1£®16.41£©\E-logel\Application\Review\Controller\AssessController.class.php Á¨¨ 6 Ë°å.
ERR: 1146:Table 'cans.posts' doesn't exist
 [ SQLËØ≠Âè• ] : SHOW COLUMNS FROM `posts`
ERR: 1146:Table 'cans.posts' doesn't exist
 [ SQLËØ≠Âè• ] : SHOW COLUMNS FROM `posts`

[ 2018-03-16T13:26:54+08:00 ] 127.0.0.1 /index.php/review/assess/boutique.html
INFO: [ app_init ] --START--
INFO: Run Behavior\BuildLiteBehavior [ RunTime:0.000000s ]
INFO: [ app_init ] --END-- [ RunTime:0.000000s ]
INFO: [ app_begin ] --START--
INFO: Run Behavior\ReadHtmlCacheBehavior [ RunTime:0.000000s ]
INFO: [ app_begin ] --END-- [ RunTime:0.000000s ]
NOTIC: [8] A session had already been started - ignoring session_start() D:\Desktop\E-logel6.9.1£®16.41£©\E-logel\Application\Review\Controller\AssessController.class.php Á¨¨ 6 Ë°å.
INFO: [ view_parse ] --START--
INFO: [ template_filter ] --START--
INFO: Run Behavior\ContentReplaceBehavior [ RunTime:0.000000s ]
INFO: [ template_filter ] --END-- [ RunTime:0.000000s ]
NOTIC: [8] Undefined index: root_name D:\Desktop\E-logel6.9.1£®16.41£©\E-logel\Application\Runtime\Cache\Review\ba9f8688cf649aa3e3d2f3b2d21b2176.php Á¨¨ 89 Ë°å.
NOTIC: [8] Undefined index: root_name D:\Desktop\E-logel6.9.1£®16.41£©\E-logel\Application\Runtime\Cache\Review\ba9f8688cf649aa3e3d2f3b2d21b2176.php Á¨¨ 136 Ë°å.
NOTIC: [8] Undefined variable: posts D:\Desktop\E-logel6.9.1£®16.41£©\E-logel\Application\Runtime\Cache\Review\ba9f8688cf649aa3e3d2f3b2d21b2176.php Á¨¨ 237 Ë°å.
NOTIC: [8] Undefined variable: pages D:\Desktop\E-logel6.9.1£®16.41£©\E-logel\Application\Runtime\Cache\Review\ba9f8688cf649aa3e3d2f3b2d21b2176.php Á¨¨ 264 Ë°å.
INFO: Run Behavior\ParseTemplateBehavior [ RunTime:0.008000s ]
INFO: [ view_parse ] --END-- [ RunTime:0.008000s ]
INFO: [ view_filter ] --START--
INFO: Run Behavior\WriteHtmlCacheBehavior [ RunTime:0.001000s ]
INFO: [ view_filter ] --END-- [ RunTime:0.001000s ]
INFO: [ app_end ] --START--
INFO: Run Behavior\ShowPageTraceBehavior [ RunTime:0.001000s ]
INFO: [ app_end ] --END-- [ RunTime:0.001000s ]

[ 2018-03-16T13:27:03+08:00 ] 127.0.0.1 /review/assess/boutique
INFO: [ app_init ] --START--
INFO: Run Behavior\BuildLiteBehavior [ RunTime:0.000000s ]
INFO: [ app_init ] --END-- [ RunTime:0.000000s ]
INFO: [ app_begin ] --START--
INFO: Run Behavior\ReadHtmlCacheBehavior [ RunTime:0.000000s ]
INFO: [ app_begin ] --END-- [ RunTime:0.000000s ]
NOTIC: [8] A session had already been started - ignoring session_start() D:\Desktop\E-logel6.9.1£®16.41£©\E-logel\Application\Review\Controller\AssessController.class.php Á¨¨ 6 Ë°å.
INFO: [ view_parse ] --START--
INFO: [ template_filter ] --START--
INFO: Run Behavior\ContentReplaceBehavior [ RunTime:0.000000s ]
INFO: [ template_filter ] --END-- [ RunTime:0.000000s ]
NOTIC: [8] Undefined index: root_name D:\Desktop\E-logel6.9.1£®16.41£©\E-logel\Application\Runtime\Cache\Review\ba9f8688cf649aa3e3d2f3b2d21b2176.php Á¨¨ 89 Ë°å.
NOTIC: [8] Undefined index: root_name D:\Desktop\E-logel6.9.1£®16.41£©\E-logel\Application\Runtime\Cache\Review\ba9f8688cf649aa3e3d2f3b2d21b2176.php Á¨¨ 136 Ë°å.
NOTIC: [8] Undefined variable: posts D:\Desktop\E-logel6.9.1£®16.41£©\E-logel\Application\Runtime\Cache\Review\ba9f8688cf649aa3e3d2f3b2d21b2176.php Á¨¨ 237 Ë°å.
NOTIC: [8] Undefined variable: pages D:\Desktop\E-logel6.9.1£®16.41£©\E-logel\Application\Runtime\Cache\Review\ba9f8688cf649aa3e3d2f3b2d21b2176.php Á¨¨ 264 Ë°å.
INFO: Run Behavior\ParseTemplateBehavior [ RunTime:0.007000s ]
INFO: [ view_parse ] --END-- [ RunTime:0.007000s ]
INFO: [ view_filter ] --START--
INFO: Run Behavior\WriteHtmlCacheBehavior [ RunTime:0.001001s ]
INFO: [ view_filter ] --END-- [ RunTime:0.001001s ]
INFO: [ app_end ] --START--
INFO: Run Behavior\ShowPageTraceBehavior [ RunTime:0.001000s ]
INFO: [ app_end ] --END-- [ RunTime:0.001000s ]

[ 2018-03-16T13:27:05+08:00 ] 127.0.0.1 /review/assess/notreview
INFO: [ app_init ] --START--
INFO: Run Behavior\BuildLiteBehavior [ RunTime:0.000000s ]
INFO: [ app_init ] --END-- [ RunTime:0.000000s ]
INFO: [ app_begin ] --START--
INFO: Run Behavior\ReadHtmlCacheBehavior [ RunTime:0.000000s ]
INFO: [ app_begin ] --END-- [ RunTime:0.000000s ]
NOTIC: [8] A session had already been started - ignoring session_start() D:\Desktop\E-logel6.9.1£®16.41£©\E-logel\Application\Review\Controller\AssessController.class.php Á¨¨ 6 Ë°å.
ERR: 1146:Table 'cans.posts' doesn't exist
 [ SQLËØ≠Âè• ] : SHOW COLUMNS FROM `posts`
ERR: 1146:Table 'cans.posts' doesn't exist
 [ SQLËØ≠Âè• ] : SHOW COLUMNS FROM `posts`

[ 2018-03-16T13:30:23+08:00 ] 127.0.0.1 /review/assess/notreview
INFO: [ app_init ] --START--
INFO: Run Behavior\BuildLiteBehavior [ RunTime:0.000000s ]
INFO: [ app_init ] --END-- [ RunTime:0.000000s ]
INFO: [ app_begin ] --START--
INFO: Run Behavior\ReadHtmlCacheBehavior [ RunTime:0.000000s ]
INFO: [ app_begin ] --END-- [ RunTime:0.001000s ]
NOTIC: [8] A session had already been started - ignoring session_start() D:\Desktop\E-logel6.9.1£®16.41£©\E-logel\Application\Review\Controller\AssessController.class.php Á¨¨ 6 Ë°å.
INFO: [ view_parse ] --START--
INFO: [ template_filter ] --START--
INFO: Run Behavior\ContentReplaceBehavior [ RunTime:0.000000s ]
INFO: [ template_filter ] --END-- [ RunTime:0.000000s ]
NOTIC: [8] Undefined index: root_name D:\Desktop\E-logel6.9.1£®16.41£©\E-logel\Application\Runtime\Cache\Review\f654fa0d34fa051cbd6210a1dc1714ef.php Á¨¨ 89 Ë°å.
NOTIC: [8] Undefined index: root_name D:\Desktop\E-logel6.9.1£®16.41£©\E-logel\Application\Runtime\Cache\Review\f654fa0d34fa051cbd6210a1dc1714ef.php Á¨¨ 136 Ë°å.
NOTIC: [8] Undefined variable: posts D:\Desktop\E-logel6.9.1£®16.41£©\E-logel\Application\Runtime\Cache\Review\f654fa0d34fa051cbd6210a1dc1714ef.php Á¨¨ 236 Ë°å.
NOTIC: [8] Undefined variable: pages D:\Desktop\E-logel6.9.1£®16.41£©\E-logel\Application\Runtime\Cache\Review\f654fa0d34fa051cbd6210a1dc1714ef.php Á¨¨ 264 Ë°å.
INFO: Run Behavior\ParseTemplateBehavior [ RunTime:0.008001s ]
INFO: [ view_parse ] --END-- [ RunTime:0.008001s ]
INFO: [ view_filter ] --START--
INFO: Run Behavior\WriteHtmlCacheBehavior [ RunTime:0.001000s ]
INFO: [ view_filter ] --END-- [ RunTime:0.001000s ]
INFO: [ app_end ] --START--
INFO: Run Behavior\ShowPageTraceBehavior [ RunTime:0.001000s ]
INFO: [ app_end ] --END-- [ RunTime:0.001000s ]

[ 2018-03-16T13:30:26+08:00 ] 127.0.0.1 /review/assess/notreview
INFO: [ app_init ] --START--
INFO: Run Behavior\BuildLiteBehavior [ RunTime:0.000000s ]
INFO: [ app_init ] --END-- [ RunTime:0.001000s ]
INFO: [ app_begin ] --START--
INFO: Run Behavior\ReadHtmlCacheBehavior [ RunTime:0.001001s ]
INFO: [ app_begin ] --END-- [ RunTime:0.001001s ]
NOTIC: [8] A session had already been started - ignoring session_start() D:\Desktop\E-logel6.9.1£®16.41£©\E-logel\Application\Review\Controller\AssessController.class.php Á¨¨ 6 Ë°å.
INFO: [ view_parse ] --START--
INFO: [ template_filter ] --START--
INFO: Run Behavior\ContentReplaceBehavior [ RunTime:0.000000s ]
INFO: [ template_filter ] --END-- [ RunTime:0.000000s ]
NOTIC: [8] Undefined index: root_name D:\Desktop\E-logel6.9.1£®16.41£©\E-logel\Application\Runtime\Cache\Review\f654fa0d34fa051cbd6210a1dc1714ef.php Á¨¨ 89 Ë°å.
NOTIC: [8] Undefined index: root_name D:\Desktop\E-logel6.9.1£®16.41£©\E-logel\Application\Runtime\Cache\Review\f654fa0d34fa051cbd6210a1dc1714ef.php Á¨¨ 136 Ë°å.
NOTIC: [8] Undefined variable: posts D:\Desktop\E-logel6.9.1£®16.41£©\E-logel\Application\Runtime\Cache\Review\f654fa0d34fa051cbd6210a1dc1714ef.php Á¨¨ 236 Ë°å.
NOTIC: [8] Undefined variable: pages D:\Desktop\E-logel6.9.1£®16.41£©\E-logel\Application\Runtime\Cache\Review\f654fa0d34fa051cbd6210a1dc1714ef.php Á¨¨ 264 Ë°å.
INFO: Run Behavior\ParseTemplateBehavior [ RunTime:0.009000s ]
INFO: [ view_parse ] --END-- [ RunTime:0.009000s ]
INFO: [ view_filter ] --START--
INFO: Run Behavior\WriteHtmlCacheBehavior [ RunTime:0.000000s ]
INFO: [ view_filter ] --END-- [ RunTime:0.000000s ]
INFO: [ app_end ] --START--
INFO: Run Behavior\ShowPageTraceBehavior [ RunTime:0.001000s ]
INFO: [ app_end ] --END-- [ RunTime:0.001000s ]

[ 2018-03-16T13:30:29+08:00 ] 127.0.0.1 /review/assess/boutique
INFO: [ app_init ] --START--
INFO: Run Behavior\BuildLiteBehavior [ RunTime:0.000000s ]
INFO: [ app_init ] --END-- [ RunTime:0.001000s ]
INFO: [ app_begin ] --START--
INFO: Run Behavior\ReadHtmlCacheBehavior [ RunTime:0.001000s ]
INFO: [ app_begin ] --END-- [ RunTime:0.001000s ]
NOTIC: [8] A session had already been started - ignoring session_start() D:\Desktop\E-logel6.9.1£®16.41£©\E-logel\Application\Review\Controller\AssessController.class.php Á¨¨ 6 Ë°å.
INFO: [ view_parse ] --START--
INFO: [ template_filter ] --START--
INFO: Run Behavior\ContentReplaceBehavior [ RunTime:0.000000s ]
INFO: [ template_filter ] --END-- [ RunTime:0.000000s ]
NOTIC: [8] Undefined index: root_name D:\Desktop\E-logel6.9.1£®16.41£©\E-logel\Application\Runtime\Cache\Review\ba9f8688cf649aa3e3d2f3b2d21b2176.php Á¨¨ 89 Ë°å.
NOTIC: [8] Undefined index: root_name D:\Desktop\E-logel6.9.1£®16.41£©\E-logel\Application\Runtime\Cache\Review\ba9f8688cf649aa3e3d2f3b2d21b2176.php Á¨¨ 136 Ë°å.
NOTIC: [8] Undefined variable: posts D:\Desktop\E-logel6.9.1£®16.41£©\E-logel\Application\Runtime\Cache\Review\ba9f8688cf649aa3e3d2f3b2d21b2176.php Á¨¨ 237 Ë°å.
NOTIC: [8] Undefined variable: pages D:\Desktop\E-logel6.9.1£®16.41£©\E-logel\Application\Runtime\Cache\Review\ba9f8688cf649aa3e3d2f3b2d21b2176.php Á¨¨ 264 Ë°å.
INFO: Run Behavior\ParseTemplateBehavior [ RunTime:0.006001s ]
INFO: [ view_parse ] --END-- [ RunTime:0.007001s ]
INFO: [ view_filter ] --START--
INFO: Run Behavior\WriteHtmlCacheBehavior [ RunTime:0.000000s ]
INFO: [ view_filter ] --END-- [ RunTime:0.000000s ]
INFO: [ app_end ] --START--
INFO: Run Behavior\ShowPageTraceBehavior [ RunTime:0.001000s ]
INFO: [ app_end ] --END-- [ RunTime:0.001000s ]

[ 2018-03-16T13:31:13+08:00 ] 127.0.0.1 /review/assess/boutique
INFO: [ app_init ] --START--
INFO: Run Behavior\BuildLiteBehavior [ RunTime:0.000000s ]
INFO: [ app_init ] --END-- [ RunTime:0.001000s ]
INFO: [ app_begin ] --START--
INFO: Run Behavior\ReadHtmlCacheBehavior [ RunTime:0.001000s ]
INFO: [ app_begin ] --END-- [ RunTime:0.001000s ]
NOTIC: [8] A session had already been started - ignoring session_start() D:\Desktop\E-logel6.9.1£®16.41£©\E-logel\Application\Review\Controller\AssessController.class.php Á¨¨ 6 Ë°å.
INFO: [ view_parse ] --START--
INFO: [ template_filter ] --START--
INFO: Run Behavior\ContentReplaceBehavior [ RunTime:0.000000s ]
INFO: [ template_filter ] --END-- [ RunTime:0.000000s ]
NOTIC: [8] Undefined index: root_name D:\Desktop\E-logel6.9.1£®16.41£©\E-logel\Application\Runtime\Cache\Review\ba9f8688cf649aa3e3d2f3b2d21b2176.php Á¨¨ 89 Ë°å.
NOTIC: [8] Undefined index: root_name D:\Desktop\E-logel6.9.1£®16.41£©\E-logel\Application\Runtime\Cache\Review\ba9f8688cf649aa3e3d2f3b2d21b2176.php Á¨¨ 136 Ë°å.
NOTIC: [8] Undefined variable: posts D:\Desktop\E-logel6.9.1£®16.41£©\E-logel\Application\Runtime\Cache\Review\ba9f8688cf649aa3e3d2f3b2d21b2176.php Á¨¨ 237 Ë°å.
NOTIC: [8] Undefined variable: pages D:\Desktop\E-logel6.9.1£®16.41£©\E-logel\Application\Runtime\Cache\Review\ba9f8688cf649aa3e3d2f3b2d21b2176.php Á¨¨ 264 Ë°å.
INFO: Run Behavior\ParseTemplateBehavior [ RunTime:0.007001s ]
INFO: [ view_parse ] --END-- [ RunTime:0.007001s ]
INFO: [ view_filter ] --START--
INFO: Run Behavior\WriteHtmlCacheBehavior [ RunTime:0.000000s ]
INFO: [ view_filter ] --END-- [ RunTime:0.000000s ]
INFO: [ app_end ] --START--
INFO: Run Behavior\ShowPageTraceBehavior [ RunTime:0.001000s ]
INFO: [ app_end ] --END-- [ RunTime:0.001000s ]

[ 2018-03-16T13:33:13+08:00 ] 127.0.0.1 /review/assess/
INFO: [ app_init ] --START--
INFO: Run Behavior\BuildLiteBehavior [ RunTime:0.000000s ]
INFO: [ app_init ] --END-- [ RunTime:0.001000s ]
INFO: [ app_begin ] --START--
INFO: Run Behavior\ReadHtmlCacheBehavior [ RunTime:0.001000s ]
INFO: [ app_begin ] --END-- [ RunTime:0.001000s ]
NOTIC: [8] A session had already been started - ignoring session_start() D:\Desktop\E-logel6.9.1£®16.41£©\E-logel\Application\Review\Controller\AssessController.class.php Á¨¨ 6 Ë°å.
INFO: [ view_parse ] --START--
INFO: [ template_filter ] --START--
INFO: Run Behavior\ContentReplaceBehavior [ RunTime:0.000000s ]
INFO: [ template_filter ] --END-- [ RunTime:0.000000s ]
INFO: Run Behavior\ParseTemplateBehavior [ RunTime:0.005000s ]
INFO: [ view_parse ] --END-- [ RunTime:0.005000s ]
INFO: [ view_filter ] --START--
INFO: Run Behavior\WriteHtmlCacheBehavior [ RunTime:0.001000s ]
INFO: [ view_filter ] --END-- [ RunTime:0.001000s ]

[ 2018-03-16T13:37:39+08:00 ] 127.0.0.1 /review/login
INFO: [ app_init ] --START--
INFO: Run Behavior\BuildLiteBehavior [ RunTime:0.000000s ]
INFO: [ app_init ] --END-- [ RunTime:0.001000s ]
INFO: [ app_begin ] --START--
INFO: Run Behavior\ReadHtmlCacheBehavior [ RunTime:0.001000s ]
INFO: [ app_begin ] --END-- [ RunTime:0.001000s ]
NOTIC: [8] A session had already been started - ignoring session_start() D:\Desktop\E-logel6.9.1£®16.41£©\E-logel\Application\Review\Controller\LoginController.class.php Á¨¨ 14 Ë°å.
INFO: [ view_parse ] --START--
INFO: [ template_filter ] --START--
INFO: Run Behavior\ContentReplaceBehavior [ RunTime:0.000000s ]
INFO: [ template_filter ] --END-- [ RunTime:0.000000s ]
INFO: Run Behavior\ParseTemplateBehavior [ RunTime:0.006001s ]
INFO: [ view_parse ] --END-- [ RunTime:0.006001s ]
INFO: [ view_filter ] --START--
INFO: Run Behavior\WriteHtmlCacheBehavior [ RunTime:0.000000s ]
INFO: [ view_filter ] --END-- [ RunTime:0.000000s ]
INFO: [ app_end ] --START--
INFO: Run Behavior\ShowPageTraceBehavior [ RunTime:0.001000s ]
INFO: [ app_end ] --END-- [ RunTime:0.001000s ]

[ 2018-03-16T13:37:39+08:00 ] 127.0.0.1 /index.php/review/login/captcha.html
INFO: [ app_init ] --START--
INFO: Run Behavior\BuildLiteBehavior [ RunTime:0.000000s ]
INFO: [ app_init ] --END-- [ RunTime:0.001001s ]
INFO: [ app_begin ] --START--
INFO: Run Behavior\ReadHtmlCacheBehavior [ RunTime:0.000000s ]
INFO: [ app_begin ] --END-- [ RunTime:0.001000s ]
NOTIC: [8] A session had already been started - ignoring session_start() D:\Desktop\E-logel6.9.1£®16.41£©\E-logel\Application\Review\Controller\LoginController.class.php Á¨¨ 14 Ë°å.
INFO: [ app_end ] --START--
INFO: Run Behavior\ShowPageTraceBehavior [ RunTime:0.000000s ]
INFO: [ app_end ] --END-- [ RunTime:0.000000s ]

[ 2018-03-16T13:37:56+08:00 ] 127.0.0.1 /index.php/review/login/dologin.html
INFO: [ app_init ] --START--
INFO: Run Behavior\BuildLiteBehavior [ RunTime:0.000000s ]
INFO: [ app_init ] --END-- [ RunTime:0.000000s ]
INFO: [ app_begin ] --START--
INFO: Run Behavior\ReadHtmlCacheBehavior [ RunTime:0.000000s ]
INFO: [ app_begin ] --END-- [ RunTime:0.000000s ]
NOTIC: [8] A session had already been started - ignoring session_start() D:\Desktop\E-logel6.9.1£®16.41£©\E-logel\Application\Review\Controller\LoginController.class.php Á¨¨ 14 Ë°å.
SQL: SHOW COLUMNS FROM `shroots` [ RunTime:0.0200s ]
SQL: SELECT * FROM `shroots` WHERE `shroot_name` = 'root1' AND `shroot_password` = 'e10adc3949ba59abbe56e057f20f883e' LIMIT 1   [ RunTime:0.0000s ]

[ 2018-03-16T13:37:56+08:00 ] 127.0.0.1 /index.php/review/assess/boutique.html
INFO: [ app_init ] --START--
INFO: Run Behavior\BuildLiteBehavior [ RunTime:0.000000s ]
INFO: [ app_init ] --END-- [ RunTime:0.000000s ]
INFO: [ app_begin ] --START--
INFO: Run Behavior\ReadHtmlCacheBehavior [ RunTime:0.000000s ]
INFO: [ app_begin ] --END-- [ RunTime:0.000000s ]
NOTIC: [8] A session had already been started - ignoring session_start() D:\Desktop\E-logel6.9.1£®16.41£©\E-logel\Application\Review\Controller\AssessController.class.php Á¨¨ 6 Ë°å.
INFO: [ view_parse ] --START--
INFO: [ template_filter ] --START--
INFO: Run Behavior\ContentReplaceBehavior [ RunTime:0.000000s ]
INFO: [ template_filter ] --END-- [ RunTime:0.000000s ]
NOTIC: [8] Undefined variable: posts D:\Desktop\E-logel6.9.1£®16.41£©\E-logel\Application\Runtime\Cache\Review\ba9f8688cf649aa3e3d2f3b2d21b2176.php Á¨¨ 237 Ë°å.
NOTIC: [8] Undefined variable: pages D:\Desktop\E-logel6.9.1£®16.41£©\E-logel\Application\Runtime\Cache\Review\ba9f8688cf649aa3e3d2f3b2d21b2176.php Á¨¨ 264 Ë°å.
INFO: Run Behavior\ParseTemplateBehavior [ RunTime:0.010001s ]
INFO: [ view_parse ] --END-- [ RunTime:0.010001s ]
INFO: [ view_filter ] --START--
INFO: Run Behavior\WriteHtmlCacheBehavior [ RunTime:0.000000s ]
INFO: [ view_filter ] --END-- [ RunTime:0.000000s ]
INFO: [ app_end ] --START--
INFO: Run Behavior\ShowPageTraceBehavior [ RunTime:0.001000s ]
INFO: [ app_end ] --END-- [ RunTime:0.001000s ]

[ 2018-03-16T13:38:01+08:00 ] 127.0.0.1 /review/assess/boutique
INFO: [ app_init ] --START--
INFO: Run Behavior\BuildLiteBehavior [ RunTime:0.000000s ]
INFO: [ app_init ] --END-- [ RunTime:0.000000s ]
INFO: [ app_begin ] --START--
INFO: Run Behavior\ReadHtmlCacheBehavior [ RunTime:0.000000s ]
INFO: [ app_begin ] --END-- [ RunTime:0.000000s ]
NOTIC: [8] A session had already been started - ignoring session_start() D:\Desktop\E-logel6.9.1£®16.41£©\E-logel\Application\Review\Controller\AssessController.class.php Á¨¨ 6 Ë°å.
INFO: [ view_parse ] --START--
INFO: [ template_filter ] --START--
INFO: Run Behavior\ContentReplaceBehavior [ RunTime:0.001000s ]
INFO: [ template_filter ] --END-- [ RunTime:0.001000s ]
NOTIC: [8] Undefined variable: posts D:\Desktop\E-logel6.9.1£®16.41£©\E-logel\Application\Runtime\Cache\Review\ba9f8688cf649aa3e3d2f3b2d21b2176.php Á¨¨ 237 Ë°å.
NOTIC: [8] Undefined variable: pages D:\Desktop\E-logel6.9.1£®16.41£©\E-logel\Application\Runtime\Cache\Review\ba9f8688cf649aa3e3d2f3b2d21b2176.php Á¨¨ 264 Ë°å.
INFO: Run Behavior\ParseTemplateBehavior [ RunTime:0.009000s ]
INFO: [ view_parse ] --END-- [ RunTime:0.009000s ]
INFO: [ view_filter ] --START--
INFO: Run Behavior\WriteHtmlCacheBehavior [ RunTime:0.000000s ]
INFO: [ view_filter ] --END-- [ RunTime:0.000000s ]
INFO: [ app_end ] --START--
INFO: Run Behavior\ShowPageTraceBehavior [ RunTime:0.001001s ]
INFO: [ app_end ] --END-- [ RunTime:0.001001s ]

[ 2018-03-16T13:38:03+08:00 ] 127.0.0.1 /review/assess/notreview
INFO: [ app_init ] --START--
INFO: Run Behavior\BuildLiteBehavior [ RunTime:0.000000s ]
INFO: [ app_init ] --END-- [ RunTime:0.001000s ]
INFO: [ app_begin ] --START--
INFO: Run Behavior\ReadHtmlCacheBehavior [ RunTime:0.001000s ]
INFO: [ app_begin ] --END-- [ RunTime:0.001000s ]
NOTIC: [8] A session had already been started - ignoring session_start() D:\Desktop\E-logel6.9.1£®16.41£©\E-logel\Application\Review\Controller\AssessController.class.php Á¨¨ 6 Ë°å.
INFO: [ view_parse ] --START--
INFO: [ template_filter ] --START--
INFO: Run Behavior\ContentReplaceBehavior [ RunTime:0.000000s ]
INFO: [ template_filter ] --END-- [ RunTime:0.000000s ]
NOTIC: [8] Undefined variable: posts D:\Desktop\E-logel6.9.1£®16.41£©\E-logel\Application\Runtime\Cache\Review\f654fa0d34fa051cbd6210a1dc1714ef.php Á¨¨ 236 Ë°å.
NOTIC: [8] Undefined variable: pages D:\Desktop\E-logel6.9.1£®16.41£©\E-logel\Application\Runtime\Cache\Review\f654fa0d34fa051cbd6210a1dc1714ef.php Á¨¨ 264 Ë°å.
INFO: Run Behavior\ParseTemplateBehavior [ RunTime:0.008001s ]
INFO: [ view_parse ] --END-- [ RunTime:0.008001s ]
INFO: [ view_filter ] --START--
INFO: Run Behavior\WriteHtmlCacheBehavior [ RunTime:0.000000s ]
INFO: [ view_filter ] --END-- [ RunTime:0.000000s ]
INFO: [ app_end ] --START--
INFO: Run Behavior\ShowPageTraceBehavior [ RunTime:0.001000s ]
INFO: [ app_end ] --END-- [ RunTime:0.001000s ]

