[ 2018-03-18T15:33:57+08:00 ] 127.0.0.1 /admin
INFO: [ app_init ] --START--
INFO: Run Behavior\BuildLiteBehavior [ RunTime:0.000000s ]
INFO: [ app_init ] --END-- [ RunTime:0.001001s ]
INFO: [ app_begin ] --START--
INFO: Run Behavior\ReadHtmlCacheBehavior [ RunTime:0.001000s ]
INFO: [ app_begin ] --END-- [ RunTime:0.001000s ]
ERR: 无法加载控制器:Index

[ 2018-03-18T15:34:02+08:00 ] 127.0.0.1 /admin/login
INFO: [ app_init ] --START--
INFO: Run Behavior\BuildLiteBehavior [ RunTime:0.000000s ]
INFO: [ app_init ] --END-- [ RunTime:0.001000s ]
INFO: [ app_begin ] --START--
INFO: Run Behavior\ReadHtmlCacheBehavior [ RunTime:0.001000s ]
INFO: [ app_begin ] --END-- [ RunTime:0.002001s ]
NOTIC: [8] A session had already been started - ignoring session_start() C:\Users\dell\Desktop\diandian\Application\Admin\Controller\LoginController.class.php 第 14 行.
INFO: [ view_parse ] --START--
INFO: [ template_filter ] --START--
INFO: Run Behavior\ContentReplaceBehavior [ RunTime:0.000000s ]
INFO: [ template_filter ] --END-- [ RunTime:0.000000s ]
INFO: Run Behavior\ParseTemplateBehavior [ RunTime:0.016001s ]
INFO: [ view_parse ] --END-- [ RunTime:0.016001s ]
INFO: [ view_filter ] --START--
INFO: Run Behavior\WriteHtmlCacheBehavior [ RunTime:0.001000s ]
INFO: [ view_filter ] --END-- [ RunTime:0.001000s ]
INFO: [ app_end ] --START--
INFO: Run Behavior\ShowPageTraceBehavior [ RunTime:0.001000s ]
INFO: [ app_end ] --END-- [ RunTime:0.002000s ]

[ 2018-03-18T15:34:02+08:00 ] 127.0.0.1 /index.php/admin/login/captcha.html
INFO: [ app_init ] --START--
INFO: Run Behavior\BuildLiteBehavior [ RunTime:0.000000s ]
INFO: [ app_init ] --END-- [ RunTime:0.001000s ]
INFO: [ app_begin ] --START--
INFO: Run Behavior\ReadHtmlCacheBehavior [ RunTime:0.001000s ]
INFO: [ app_begin ] --END-- [ RunTime:0.001000s ]
NOTIC: [8] A session had already been started - ignoring session_start() C:\Users\dell\Desktop\diandian\Application\Admin\Controller\LoginController.class.php 第 14 行.
INFO: [ app_end ] --START--
INFO: Run Behavior\ShowPageTraceBehavior [ RunTime:0.002000s ]
INFO: [ app_end ] --END-- [ RunTime:0.002000s ]

[ 2018-03-18T15:34:37+08:00 ] 127.0.0.1 /index.php/admin/login/dologin.html
INFO: [ app_init ] --START--
INFO: Run Behavior\BuildLiteBehavior [ RunTime:0.000000s ]
INFO: [ app_init ] --END-- [ RunTime:0.002000s ]
INFO: [ app_begin ] --START--
INFO: Run Behavior\ReadHtmlCacheBehavior [ RunTime:0.002001s ]
INFO: [ app_begin ] --END-- [ RunTime:0.002001s ]
NOTIC: [8] A session had already been started - ignoring session_start() C:\Users\dell\Desktop\diandian\Application\Admin\Controller\LoginController.class.php 第 14 行.
INFO: [ app_end ] --START--
INFO: Run Behavior\ShowPageTraceBehavior [ RunTime:0.002000s ]
INFO: [ app_end ] --END-- [ RunTime:0.002000s ]

[ 2018-03-18T15:34:45+08:00 ] 127.0.0.1 /index.php/admin/login/dologin.html
INFO: [ app_init ] --START--
INFO: Run Behavior\BuildLiteBehavior [ RunTime:0.000000s ]
INFO: [ app_init ] --END-- [ RunTime:0.002000s ]
INFO: [ app_begin ] --START--
INFO: Run Behavior\ReadHtmlCacheBehavior [ RunTime:0.002000s ]
INFO: [ app_begin ] --END-- [ RunTime:0.002000s ]
NOTIC: [8] A session had already been started - ignoring session_start() C:\Users\dell\Desktop\diandian\Application\Admin\Controller\LoginController.class.php 第 14 行.
INFO: [ app_end ] --START--
INFO: Run Behavior\ShowPageTraceBehavior [ RunTime:0.001001s ]
INFO: [ app_end ] --END-- [ RunTime:0.002001s ]

[ 2018-03-18T15:34:48+08:00 ] 127.0.0.1 /index.php/admin/login/captcha.html?0.2221381152452392
INFO: [ app_init ] --START--
INFO: Run Behavior\BuildLiteBehavior [ RunTime:0.000000s ]
INFO: [ app_init ] --END-- [ RunTime:0.001000s ]
INFO: [ app_begin ] --START--
INFO: Run Behavior\ReadHtmlCacheBehavior [ RunTime:0.008000s ]
INFO: [ app_begin ] --END-- [ RunTime:0.008000s ]
NOTIC: [8] A session had already been started - ignoring session_start() C:\Users\dell\Desktop\diandian\Application\Admin\Controller\LoginController.class.php 第 14 行.
INFO: [ app_end ] --START--
INFO: Run Behavior\ShowPageTraceBehavior [ RunTime:0.002000s ]
INFO: [ app_end ] --END-- [ RunTime:0.002000s ]

[ 2018-03-18T15:34:49+08:00 ] 127.0.0.1 /index.php/admin/login/dologin.html
INFO: [ app_init ] --START--
INFO: Run Behavior\BuildLiteBehavior [ RunTime:0.000000s ]
INFO: [ app_init ] --END-- [ RunTime:0.001000s ]
INFO: [ app_begin ] --START--
INFO: Run Behavior\ReadHtmlCacheBehavior [ RunTime:0.001000s ]
INFO: [ app_begin ] --END-- [ RunTime:0.001000s ]
NOTIC: [8] A session had already been started - ignoring session_start() C:\Users\dell\Desktop\diandian\Application\Admin\Controller\LoginController.class.php 第 14 行.
ERR: SQLSTATE[HY000] [1045] Access denied for user 'root'@'localhost' (using password: YES)

[ 2018-03-18T15:36:20+08:00 ] 127.0.0.1 /index.php/admin/login/dologin.html
INFO: [ app_init ] --START--
INFO: Run Behavior\BuildLiteBehavior [ RunTime:0.000000s ]
INFO: [ app_init ] --END-- [ RunTime:0.001000s ]
INFO: [ app_begin ] --START--
INFO: Run Behavior\ReadHtmlCacheBehavior [ RunTime:0.001000s ]
INFO: [ app_begin ] --END-- [ RunTime:0.001000s ]
NOTIC: [8] A session had already been started - ignoring session_start() C:\Users\dell\Desktop\diandian\Application\Admin\Controller\LoginController.class.php 第 14 行.
INFO: [ app_end ] --START--
INFO: Run Behavior\ShowPageTraceBehavior [ RunTime:0.001000s ]
INFO: [ app_end ] --END-- [ RunTime:0.001000s ]

[ 2018-03-18T15:36:28+08:00 ] 127.0.0.1 /index.php/admin/login/captcha.html?0.2221381152452392?0.08007100339751438
INFO: [ app_init ] --START--
INFO: Run Behavior\BuildLiteBehavior [ RunTime:0.000000s ]
INFO: [ app_init ] --END-- [ RunTime:0.001000s ]
INFO: [ app_begin ] --START--
INFO: Run Behavior\ReadHtmlCacheBehavior [ RunTime:0.001000s ]
INFO: [ app_begin ] --END-- [ RunTime:0.001000s ]
NOTIC: [8] A session had already been started - ignoring session_start() C:\Users\dell\Desktop\diandian\Application\Admin\Controller\LoginController.class.php 第 14 行.
INFO: [ app_end ] --START--
INFO: Run Behavior\ShowPageTraceBehavior [ RunTime:0.002000s ]
INFO: [ app_end ] --END-- [ RunTime:0.002000s ]

[ 2018-03-18T15:36:29+08:00 ] 127.0.0.1 /index.php/admin/login/dologin.html
INFO: [ app_init ] --START--
INFO: Run Behavior\BuildLiteBehavior [ RunTime:0.000000s ]
INFO: [ app_init ] --END-- [ RunTime:0.001000s ]
INFO: [ app_begin ] --START--
INFO: Run Behavior\ReadHtmlCacheBehavior [ RunTime:0.002001s ]
INFO: [ app_begin ] --END-- [ RunTime:0.002001s ]
NOTIC: [8] A session had already been started - ignoring session_start() C:\Users\dell\Desktop\diandian\Application\Admin\Controller\LoginController.class.php 第 14 行.
ERR: SQLSTATE[HY000] [1045] Access denied for user 'root'@'localhost' (using password: YES)

[ 2018-03-18T15:41:02+08:00 ] 127.0.0.1 /admin/login
INFO: [ app_init ] --START--
INFO: Run Behavior\BuildLiteBehavior [ RunTime:0.000000s ]
INFO: [ app_init ] --END-- [ RunTime:0.001000s ]
INFO: [ app_begin ] --START--
INFO: Run Behavior\ReadHtmlCacheBehavior [ RunTime:0.002000s ]
INFO: [ app_begin ] --END-- [ RunTime:0.002000s ]
NOTIC: [8] A session had already been started - ignoring session_start() C:\Users\dell\Desktop\diandian\Application\Admin\Controller\LoginController.class.php 第 14 行.
INFO: [ view_parse ] --START--
INFO: [ template_filter ] --START--
INFO: Run Behavior\ContentReplaceBehavior [ RunTime:0.000000s ]
INFO: [ template_filter ] --END-- [ RunTime:0.000000s ]
INFO: Run Behavior\ParseTemplateBehavior [ RunTime:0.014000s ]
INFO: [ view_parse ] --END-- [ RunTime:0.014000s ]
INFO: [ view_filter ] --START--
INFO: Run Behavior\WriteHtmlCacheBehavior [ RunTime:0.003001s ]
INFO: [ view_filter ] --END-- [ RunTime:0.003001s ]
INFO: [ app_end ] --START--
INFO: Run Behavior\ShowPageTraceBehavior [ RunTime:0.002000s ]
INFO: [ app_end ] --END-- [ RunTime:0.002000s ]

[ 2018-03-18T15:41:02+08:00 ] 127.0.0.1 /index.php/admin/login/captcha.html
INFO: [ app_init ] --START--
INFO: Run Behavior\BuildLiteBehavior [ RunTime:0.000000s ]
INFO: [ app_init ] --END-- [ RunTime:0.001000s ]
INFO: [ app_begin ] --START--
INFO: Run Behavior\ReadHtmlCacheBehavior [ RunTime:0.003001s ]
INFO: [ app_begin ] --END-- [ RunTime:0.003001s ]
NOTIC: [8] A session had already been started - ignoring session_start() C:\Users\dell\Desktop\diandian\Application\Admin\Controller\LoginController.class.php 第 14 行.
INFO: [ app_end ] --START--
INFO: Run Behavior\ShowPageTraceBehavior [ RunTime:0.004000s ]
INFO: [ app_end ] --END-- [ RunTime:0.004000s ]

[ 2018-03-18T15:41:16+08:00 ] 127.0.0.1 /index.php/admin/login/captcha.html?0.6260623249756554
INFO: [ app_init ] --START--
INFO: Run Behavior\BuildLiteBehavior [ RunTime:0.000000s ]
INFO: [ app_init ] --END-- [ RunTime:0.001000s ]
INFO: [ app_begin ] --START--
INFO: Run Behavior\ReadHtmlCacheBehavior [ RunTime:0.005001s ]
INFO: [ app_begin ] --END-- [ RunTime:0.005001s ]
NOTIC: [8] A session had already been started - ignoring session_start() C:\Users\dell\Desktop\diandian\Application\Admin\Controller\LoginController.class.php 第 14 行.
INFO: [ app_end ] --START--
INFO: Run Behavior\ShowPageTraceBehavior [ RunTime:0.002001s ]
INFO: [ app_end ] --END-- [ RunTime:0.002001s ]

[ 2018-03-18T15:41:16+08:00 ] 127.0.0.1 /index.php/admin/login/dologin.html
INFO: [ app_init ] --START--
INFO: Run Behavior\BuildLiteBehavior [ RunTime:0.000000s ]
INFO: [ app_init ] --END-- [ RunTime:0.002000s ]
INFO: [ app_begin ] --START--
INFO: Run Behavior\ReadHtmlCacheBehavior [ RunTime:0.002000s ]
INFO: [ app_begin ] --END-- [ RunTime:0.002000s ]
NOTIC: [8] A session had already been started - ignoring session_start() C:\Users\dell\Desktop\diandian\Application\Admin\Controller\LoginController.class.php 第 14 行.
ERR: SQLSTATE[HY000] [1045] Access denied for user 'root'@'localhost' (using password: YES)

[ 2018-03-18T15:42:56+08:00 ] 127.0.0.1 /index.php/admin/login/dologin.html
INFO: [ app_init ] --START--
INFO: Run Behavior\BuildLiteBehavior [ RunTime:0.000000s ]
INFO: [ app_init ] --END-- [ RunTime:0.001000s ]
INFO: [ app_begin ] --START--
INFO: Run Behavior\ReadHtmlCacheBehavior [ RunTime:0.001000s ]
INFO: [ app_begin ] --END-- [ RunTime:0.002000s ]
NOTIC: [8] A session had already been started - ignoring session_start() C:\Users\dell\Desktop\diandian\Application\Admin\Controller\LoginController.class.php 第 14 行.
INFO: [ app_end ] --START--
INFO: Run Behavior\ShowPageTraceBehavior [ RunTime:0.001001s ]
INFO: [ app_end ] --END-- [ RunTime:0.001001s ]

[ 2018-03-18T15:42:59+08:00 ] 127.0.0.1 /index.php/admin/login/captcha.html
INFO: [ app_init ] --START--
INFO: Run Behavior\BuildLiteBehavior [ RunTime:0.000000s ]
INFO: [ app_init ] --END-- [ RunTime:0.001000s ]
INFO: [ app_begin ] --START--
INFO: Run Behavior\ReadHtmlCacheBehavior [ RunTime:0.002000s ]
INFO: [ app_begin ] --END-- [ RunTime:0.002000s ]
NOTIC: [8] A session had already been started - ignoring session_start() C:\Users\dell\Desktop\diandian\Application\Admin\Controller\LoginController.class.php 第 14 行.
INFO: [ app_end ] --START--
INFO: Run Behavior\ShowPageTraceBehavior [ RunTime:0.002000s ]
INFO: [ app_end ] --END-- [ RunTime:0.002000s ]

[ 2018-03-18T15:43:02+08:00 ] 127.0.0.1 /index.php/admin/login/captcha.html?0.40082875900311454
INFO: [ app_init ] --START--
INFO: Run Behavior\BuildLiteBehavior [ RunTime:0.000000s ]
INFO: [ app_init ] --END-- [ RunTime:0.000000s ]
INFO: [ app_begin ] --START--
INFO: Run Behavior\ReadHtmlCacheBehavior [ RunTime:0.001000s ]
INFO: [ app_begin ] --END-- [ RunTime:0.001000s ]
NOTIC: [8] A session had already been started - ignoring session_start() C:\Users\dell\Desktop\diandian\Application\Admin\Controller\LoginController.class.php 第 14 行.
INFO: [ app_end ] --START--
INFO: Run Behavior\ShowPageTraceBehavior [ RunTime:0.001000s ]
INFO: [ app_end ] --END-- [ RunTime:0.001000s ]

[ 2018-03-18T15:43:03+08:00 ] 127.0.0.1 /index.php/admin/login/dologin.html
INFO: [ app_init ] --START--
INFO: Run Behavior\BuildLiteBehavior [ RunTime:0.000000s ]
INFO: [ app_init ] --END-- [ RunTime:0.001000s ]
INFO: [ app_begin ] --START--
INFO: Run Behavior\ReadHtmlCacheBehavior [ RunTime:0.001000s ]
INFO: [ app_begin ] --END-- [ RunTime:0.001000s ]
NOTIC: [8] A session had already been started - ignoring session_start() C:\Users\dell\Desktop\diandian\Application\Admin\Controller\LoginController.class.php 第 14 行.
SQL: SHOW COLUMNS FROM `roots` [ RunTime:0.0070s ]
SQL: SELECT * FROM `roots` WHERE `root_name` = 'root1' AND `root_password` = 'e10adc3949ba59abbe56e057f20f883e' LIMIT 1   [ RunTime:0.0000s ]

[ 2018-03-18T15:43:03+08:00 ] 127.0.0.1 /index.php/admin/assess/boutique.html
INFO: [ app_init ] --START--
INFO: Run Behavior\BuildLiteBehavior [ RunTime:0.000000s ]
INFO: [ app_init ] --END-- [ RunTime:0.000000s ]
INFO: [ app_begin ] --START--
INFO: Run Behavior\ReadHtmlCacheBehavior [ RunTime:0.002000s ]
INFO: [ app_begin ] --END-- [ RunTime:0.002000s ]
NOTIC: [8] A session had already been started - ignoring session_start() C:\Users\dell\Desktop\diandian\Application\Admin\Controller\AssessController.class.php 第 6 行.
SQL: SHOW COLUMNS FROM `posts` [ RunTime:0.0110s ]
SQL: SELECT COUNT(*) AS tp_count FROM `posts` WHERE `up_num` > 20 AND `if_show` = 1 LIMIT 1   [ RunTime:0.0080s ]
SQL: SELECT * FROM `posts` WHERE `up_num` > 20 AND `if_show` = 1 LIMIT 0,6   [ RunTime:0.0010s ]
INFO: [ view_parse ] --START--
INFO: [ template_filter ] --START--
INFO: Run Behavior\ContentReplaceBehavior [ RunTime:0.000000s ]
INFO: [ template_filter ] --END-- [ RunTime:0.000000s ]
INFO: Run Behavior\ParseTemplateBehavior [ RunTime:0.020001s ]
INFO: [ view_parse ] --END-- [ RunTime:0.021001s ]
INFO: [ view_filter ] --START--
INFO: Run Behavior\WriteHtmlCacheBehavior [ RunTime:0.001000s ]
INFO: [ view_filter ] --END-- [ RunTime:0.001000s ]
INFO: [ app_end ] --START--
INFO: Run Behavior\ShowPageTraceBehavior [ RunTime:0.002000s ]
INFO: [ app_end ] --END-- [ RunTime:0.002000s ]

[ 2018-03-18T15:43:09+08:00 ] 127.0.0.1 /index.php/Admin/Assess/boutique/p/2.html
INFO: [ app_init ] --START--
INFO: Run Behavior\BuildLiteBehavior [ RunTime:0.000000s ]
INFO: [ app_init ] --END-- [ RunTime:0.001000s ]
INFO: [ app_begin ] --START--
INFO: Run Behavior\ReadHtmlCacheBehavior [ RunTime:0.001000s ]
INFO: [ app_begin ] --END-- [ RunTime:0.001000s ]
NOTIC: [8] A session had already been started - ignoring session_start() C:\Users\dell\Desktop\diandian\Application\Admin\Controller\AssessController.class.php 第 6 行.
SQL: SHOW COLUMNS FROM `posts` [ RunTime:0.0090s ]
SQL: SELECT COUNT(*) AS tp_count FROM `posts` WHERE `up_num` > 20 AND `if_show` = 1 LIMIT 1   [ RunTime:0.0010s ]
SQL: SELECT * FROM `posts` WHERE `up_num` > 20 AND `if_show` = 1 LIMIT 6,6   [ RunTime:0.0000s ]
INFO: [ view_parse ] --START--
INFO: [ template_filter ] --START--
INFO: Run Behavior\ContentReplaceBehavior [ RunTime:0.000000s ]
INFO: [ template_filter ] --END-- [ RunTime:0.000000s ]
INFO: Run Behavior\ParseTemplateBehavior [ RunTime:0.014001s ]
INFO: [ view_parse ] --END-- [ RunTime:0.015001s ]
INFO: [ view_filter ] --START--
INFO: Run Behavior\WriteHtmlCacheBehavior [ RunTime:0.001000s ]
INFO: [ view_filter ] --END-- [ RunTime:0.001000s ]
INFO: [ app_end ] --START--
INFO: Run Behavior\ShowPageTraceBehavior [ RunTime:0.001000s ]
INFO: [ app_end ] --END-- [ RunTime:0.001000s ]

[ 2018-03-18T15:43:11+08:00 ] 127.0.0.1 /index.php/Admin/Assess/boutique/p/1.html
INFO: [ app_init ] --START--
INFO: Run Behavior\BuildLiteBehavior [ RunTime:0.001000s ]
INFO: [ app_init ] --END-- [ RunTime:0.001000s ]
INFO: [ app_begin ] --START--
INFO: Run Behavior\ReadHtmlCacheBehavior [ RunTime:0.001000s ]
INFO: [ app_begin ] --END-- [ RunTime:0.001000s ]
NOTIC: [8] A session had already been started - ignoring session_start() C:\Users\dell\Desktop\diandian\Application\Admin\Controller\AssessController.class.php 第 6 行.
SQL: SHOW COLUMNS FROM `posts` [ RunTime:0.0060s ]
SQL: SELECT COUNT(*) AS tp_count FROM `posts` WHERE `up_num` > 20 AND `if_show` = 1 LIMIT 1   [ RunTime:0.0010s ]
SQL: SELECT * FROM `posts` WHERE `up_num` > 20 AND `if_show` = 1 LIMIT 0,6   [ RunTime:0.0010s ]
INFO: [ view_parse ] --START--
INFO: [ template_filter ] --START--
INFO: Run Behavior\ContentReplaceBehavior [ RunTime:0.000000s ]
INFO: [ template_filter ] --END-- [ RunTime:0.000000s ]
INFO: Run Behavior\ParseTemplateBehavior [ RunTime:0.013001s ]
INFO: [ view_parse ] --END-- [ RunTime:0.014001s ]
INFO: [ view_filter ] --START--
INFO: Run Behavior\WriteHtmlCacheBehavior [ RunTime:0.001000s ]
INFO: [ view_filter ] --END-- [ RunTime:0.001000s ]
INFO: [ app_end ] --START--
INFO: Run Behavior\ShowPageTraceBehavior [ RunTime:0.001000s ]
INFO: [ app_end ] --END-- [ RunTime:0.001000s ]

[ 2018-03-18T15:43:15+08:00 ] 127.0.0.1 /admin/assess/boutique
INFO: [ app_init ] --START--
INFO: Run Behavior\BuildLiteBehavior [ RunTime:0.000000s ]
INFO: [ app_init ] --END-- [ RunTime:0.001000s ]
INFO: [ app_begin ] --START--
INFO: Run Behavior\ReadHtmlCacheBehavior [ RunTime:0.001000s ]
INFO: [ app_begin ] --END-- [ RunTime:0.001000s ]
NOTIC: [8] A session had already been started - ignoring session_start() C:\Users\dell\Desktop\diandian\Application\Admin\Controller\AssessController.class.php 第 6 行.
SQL: SHOW COLUMNS FROM `posts` [ RunTime:0.0050s ]
SQL: SELECT COUNT(*) AS tp_count FROM `posts` WHERE `up_num` > 20 AND `if_show` = 1 LIMIT 1   [ RunTime:0.0000s ]
SQL: SELECT * FROM `posts` WHERE `up_num` > 20 AND `if_show` = 1 LIMIT 0,6   [ RunTime:0.0000s ]
INFO: [ view_parse ] --START--
INFO: [ template_filter ] --START--
INFO: Run Behavior\ContentReplaceBehavior [ RunTime:0.001000s ]
INFO: [ template_filter ] --END-- [ RunTime:0.001000s ]
INFO: Run Behavior\ParseTemplateBehavior [ RunTime:0.015001s ]
INFO: [ view_parse ] --END-- [ RunTime:0.016001s ]
INFO: [ view_filter ] --START--
INFO: Run Behavior\WriteHtmlCacheBehavior [ RunTime:0.000000s ]
INFO: [ view_filter ] --END-- [ RunTime:0.001000s ]
INFO: [ app_end ] --START--
INFO: Run Behavior\ShowPageTraceBehavior [ RunTime:0.001000s ]
INFO: [ app_end ] --END-- [ RunTime:0.001000s ]

[ 2018-03-18T15:43:17+08:00 ] 127.0.0.1 /admin/assess/appeal
INFO: [ app_init ] --START--
INFO: Run Behavior\BuildLiteBehavior [ RunTime:0.001000s ]
INFO: [ app_init ] --END-- [ RunTime:0.001000s ]
INFO: [ app_begin ] --START--
INFO: Run Behavior\ReadHtmlCacheBehavior [ RunTime:0.001000s ]
INFO: [ app_begin ] --END-- [ RunTime:0.001000s ]
NOTIC: [8] A session had already been started - ignoring session_start() C:\Users\dell\Desktop\diandian\Application\Admin\Controller\AssessController.class.php 第 6 行.
SQL: SHOW COLUMNS FROM `users` [ RunTime:0.0040s ]
SQL: SELECT COUNT(*) AS tp_count FROM `users` LIMIT 1   [ RunTime:0.0000s ]
SQL: SELECT * FROM `users` LIMIT 0,6   [ RunTime:0.0010s ]
INFO: [ view_parse ] --START--
INFO: [ template_filter ] --START--
INFO: Run Behavior\ContentReplaceBehavior [ RunTime:0.000000s ]
INFO: [ template_filter ] --END-- [ RunTime:0.000000s ]
NOTIC: [8] Undefined index: users_id C:\Users\dell\Desktop\diandian\Application\Runtime\Cache\Admin\4883ad2725cf1c94f750bb33168fe86d.php 第 237 行.
NOTIC: [8] Undefined index: users_sum C:\Users\dell\Desktop\diandian\Application\Runtime\Cache\Admin\4883ad2725cf1c94f750bb33168fe86d.php 第 238 行.
NOTIC: [8] Undefined index: users_comment C:\Users\dell\Desktop\diandian\Application\Runtime\Cache\Admin\4883ad2725cf1c94f750bb33168fe86d.php 第 239 行.
NOTIC: [8] Undefined index: users_charge_num C:\Users\dell\Desktop\diandian\Application\Runtime\Cache\Admin\4883ad2725cf1c94f750bb33168fe86d.php 第 241 行.
NOTIC: [8] Undefined index: users_id C:\Users\dell\Desktop\diandian\Application\Runtime\Cache\Admin\4883ad2725cf1c94f750bb33168fe86d.php 第 247 行.
NOTIC: [8] Undefined index: users_id C:\Users\dell\Desktop\diandian\Application\Runtime\Cache\Admin\4883ad2725cf1c94f750bb33168fe86d.php 第 251 行.
NOTIC: [8] Undefined index: users_id C:\Users\dell\Desktop\diandian\Application\Runtime\Cache\Admin\4883ad2725cf1c94f750bb33168fe86d.php 第 237 行.
NOTIC: [8] Undefined index: users_sum C:\Users\dell\Desktop\diandian\Application\Runtime\Cache\Admin\4883ad2725cf1c94f750bb33168fe86d.php 第 238 行.
NOTIC: [8] Undefined index: users_comment C:\Users\dell\Desktop\diandian\Application\Runtime\Cache\Admin\4883ad2725cf1c94f750bb33168fe86d.php 第 239 行.
NOTIC: [8] Undefined index: users_charge_num C:\Users\dell\Desktop\diandian\Application\Runtime\Cache\Admin\4883ad2725cf1c94f750bb33168fe86d.php 第 241 行.
NOTIC: [8] Undefined index: users_id C:\Users\dell\Desktop\diandian\Application\Runtime\Cache\Admin\4883ad2725cf1c94f750bb33168fe86d.php 第 247 行.
NOTIC: [8] Undefined index: users_id C:\Users\dell\Desktop\diandian\Application\Runtime\Cache\Admin\4883ad2725cf1c94f750bb33168fe86d.php 第 251 行.
NOTIC: [8] Undefined index: users_id C:\Users\dell\Desktop\diandian\Application\Runtime\Cache\Admin\4883ad2725cf1c94f750bb33168fe86d.php 第 237 行.
NOTIC: [8] Undefined index: users_sum C:\Users\dell\Desktop\diandian\Application\Runtime\Cache\Admin\4883ad2725cf1c94f750bb33168fe86d.php 第 238 行.
NOTIC: [8] Undefined index: users_comment C:\Users\dell\Desktop\diandian\Application\Runtime\Cache\Admin\4883ad2725cf1c94f750bb33168fe86d.php 第 239 行.
NOTIC: [8] Undefined index: users_charge_num C:\Users\dell\Desktop\diandian\Application\Runtime\Cache\Admin\4883ad2725cf1c94f750bb33168fe86d.php 第 241 行.
NOTIC: [8] Undefined index: users_id C:\Users\dell\Desktop\diandian\Application\Runtime\Cache\Admin\4883ad2725cf1c94f750bb33168fe86d.php 第 247 行.
NOTIC: [8] Undefined index: users_id C:\Users\dell\Desktop\diandian\Application\Runtime\Cache\Admin\4883ad2725cf1c94f750bb33168fe86d.php 第 251 行.
NOTIC: [8] Undefined index: users_id C:\Users\dell\Desktop\diandian\Application\Runtime\Cache\Admin\4883ad2725cf1c94f750bb33168fe86d.php 第 237 行.
NOTIC: [8] Undefined index: users_sum C:\Users\dell\Desktop\diandian\Application\Runtime\Cache\Admin\4883ad2725cf1c94f750bb33168fe86d.php 第 238 行.
NOTIC: [8] Undefined index: users_comment C:\Users\dell\Desktop\diandian\Application\Runtime\Cache\Admin\4883ad2725cf1c94f750bb33168fe86d.php 第 239 行.
NOTIC: [8] Undefined index: users_charge_num C:\Users\dell\Desktop\diandian\Application\Runtime\Cache\Admin\4883ad2725cf1c94f750bb33168fe86d.php 第 241 行.
NOTIC: [8] Undefined index: users_id C:\Users\dell\Desktop\diandian\Application\Runtime\Cache\Admin\4883ad2725cf1c94f750bb33168fe86d.php 第 247 行.
NOTIC: [8] Undefined index: users_id C:\Users\dell\Desktop\diandian\Application\Runtime\Cache\Admin\4883ad2725cf1c94f750bb33168fe86d.php 第 251 行.
NOTIC: [8] Undefined index: users_id C:\Users\dell\Desktop\diandian\Application\Runtime\Cache\Admin\4883ad2725cf1c94f750bb33168fe86d.php 第 237 行.
NOTIC: [8] Undefined index: users_sum C:\Users\dell\Desktop\diandian\Application\Runtime\Cache\Admin\4883ad2725cf1c94f750bb33168fe86d.php 第 238 行.
NOTIC: [8] Undefined index: users_comment C:\Users\dell\Desktop\diandian\Application\Runtime\Cache\Admin\4883ad2725cf1c94f750bb33168fe86d.php 第 239 行.
NOTIC: [8] Undefined index: users_charge_num C:\Users\dell\Desktop\diandian\Application\Runtime\Cache\Admin\4883ad2725cf1c94f750bb33168fe86d.php 第 241 行.
NOTIC: [8] Undefined index: users_id C:\Users\dell\Desktop\diandian\Application\Runtime\Cache\Admin\4883ad2725cf1c94f750bb33168fe86d.php 第 247 行.
NOTIC: [8] Undefined index: users_id C:\Users\dell\Desktop\diandian\Application\Runtime\Cache\Admin\4883ad2725cf1c94f750bb33168fe86d.php 第 251 行.
NOTIC: [8] Undefined index: users_id C:\Users\dell\Desktop\diandian\Application\Runtime\Cache\Admin\4883ad2725cf1c94f750bb33168fe86d.php 第 237 行.
NOTIC: [8] Undefined index: users_sum C:\Users\dell\Desktop\diandian\Application\Runtime\Cache\Admin\4883ad2725cf1c94f750bb33168fe86d.php 第 238 行.
NOTIC: [8] Undefined index: users_comment C:\Users\dell\Desktop\diandian\Application\Runtime\Cache\Admin\4883ad2725cf1c94f750bb33168fe86d.php 第 239 行.
NOTIC: [8] Undefined index: users_charge_num C:\Users\dell\Desktop\diandian\Application\Runtime\Cache\Admin\4883ad2725cf1c94f750bb33168fe86d.php 第 241 行.
NOTIC: [8] Undefined index: users_id C:\Users\dell\Desktop\diandian\Application\Runtime\Cache\Admin\4883ad2725cf1c94f750bb33168fe86d.php 第 247 行.
NOTIC: [8] Undefined index: users_id C:\Users\dell\Desktop\diandian\Application\Runtime\Cache\Admin\4883ad2725cf1c94f750bb33168fe86d.php 第 251 行.
INFO: Run Behavior\ParseTemplateBehavior [ RunTime:0.017001s ]
INFO: [ view_parse ] --END-- [ RunTime:0.017001s ]
INFO: [ view_filter ] --START--
INFO: Run Behavior\WriteHtmlCacheBehavior [ RunTime:0.002000s ]
INFO: [ view_filter ] --END-- [ RunTime:0.002000s ]
INFO: [ app_end ] --START--
INFO: Run Behavior\ShowPageTraceBehavior [ RunTime:0.002000s ]
INFO: [ app_end ] --END-- [ RunTime:0.002000s ]

[ 2018-03-18T16:06:27+08:00 ] 127.0.0.1 /admin/assess/boutique
INFO: [ app_init ] --START--
INFO: Run Behavior\BuildLiteBehavior [ RunTime:0.000000s ]
INFO: [ app_init ] --END-- [ RunTime:0.001000s ]
INFO: [ app_begin ] --START--
INFO: Run Behavior\ReadHtmlCacheBehavior [ RunTime:0.001000s ]
INFO: [ app_begin ] --END-- [ RunTime:0.001000s ]
NOTIC: [8] A session had already been started - ignoring session_start() C:\Users\dell\Desktop\diandian\Application\Admin\Controller\AssessController.class.php 第 6 行.
ERR: 1146:Table 'cans.posts' doesn't exist
 [ SQL语句 ] : SHOW COLUMNS FROM `posts`
ERR: 1146:Table 'cans.posts' doesn't exist
 [ SQL语句 ] : SHOW COLUMNS FROM `posts`

[ 2018-03-18T16:06:32+08:00 ] 127.0.0.1 /admin/assess/
INFO: [ app_init ] --START--
INFO: Run Behavior\BuildLiteBehavior [ RunTime:0.000000s ]
INFO: [ app_init ] --END-- [ RunTime:0.000000s ]
INFO: [ app_begin ] --START--
INFO: Run Behavior\ReadHtmlCacheBehavior [ RunTime:0.001000s ]
INFO: [ app_begin ] --END-- [ RunTime:0.001000s ]
NOTIC: [8] A session had already been started - ignoring session_start() C:\Users\dell\Desktop\diandian\Application\Admin\Controller\AssessController.class.php 第 6 行.
INFO: [ view_parse ] --START--
INFO: [ template_filter ] --START--
INFO: Run Behavior\ContentReplaceBehavior [ RunTime:0.000000s ]
INFO: [ template_filter ] --END-- [ RunTime:0.000000s ]
INFO: Run Behavior\ParseTemplateBehavior [ RunTime:0.013001s ]
INFO: [ view_parse ] --END-- [ RunTime:0.013001s ]
INFO: [ view_filter ] --START--
INFO: Run Behavior\WriteHtmlCacheBehavior [ RunTime:0.001000s ]
INFO: [ view_filter ] --END-- [ RunTime:0.001000s ]

[ 2018-03-18T16:06:36+08:00 ] 127.0.0.1 /admin/login/login
INFO: [ app_init ] --START--
INFO: Run Behavior\BuildLiteBehavior [ RunTime:0.000000s ]
INFO: [ app_init ] --END-- [ RunTime:0.001000s ]
INFO: [ app_begin ] --START--
INFO: Run Behavior\ReadHtmlCacheBehavior [ RunTime:0.001000s ]
INFO: [ app_begin ] --END-- [ RunTime:0.001000s ]
NOTIC: [8] A session had already been started - ignoring session_start() C:\Users\dell\Desktop\diandian\Application\Admin\Controller\LoginController.class.php 第 14 行.
INFO: [ view_parse ] --START--
INFO: [ template_filter ] --START--
INFO: Run Behavior\ContentReplaceBehavior [ RunTime:0.000000s ]
INFO: [ template_filter ] --END-- [ RunTime:0.000000s ]
INFO: Run Behavior\ParseTemplateBehavior [ RunTime:0.011001s ]
INFO: [ view_parse ] --END-- [ RunTime:0.011001s ]
INFO: [ view_filter ] --START--
INFO: Run Behavior\WriteHtmlCacheBehavior [ RunTime:0.000000s ]
INFO: [ view_filter ] --END-- [ RunTime:0.002000s ]
INFO: [ app_end ] --START--
INFO: Run Behavior\ShowPageTraceBehavior [ RunTime:0.001000s ]
INFO: [ app_end ] --END-- [ RunTime:0.001000s ]

[ 2018-03-18T16:06:36+08:00 ] 127.0.0.1 /index.php/admin/login/captcha.html
INFO: [ app_init ] --START--
INFO: Run Behavior\BuildLiteBehavior [ RunTime:0.000000s ]
INFO: [ app_init ] --END-- [ RunTime:0.001000s ]
INFO: [ app_begin ] --START--
INFO: Run Behavior\ReadHtmlCacheBehavior [ RunTime:0.002000s ]
INFO: [ app_begin ] --END-- [ RunTime:0.002000s ]
NOTIC: [8] A session had already been started - ignoring session_start() C:\Users\dell\Desktop\diandian\Application\Admin\Controller\LoginController.class.php 第 14 行.
INFO: [ app_end ] --START--
INFO: Run Behavior\ShowPageTraceBehavior [ RunTime:0.001001s ]
INFO: [ app_end ] --END-- [ RunTime:0.001001s ]

[ 2018-03-18T16:06:44+08:00 ] 127.0.0.1 /index.php/admin/login/dologin.html
INFO: [ app_init ] --START--
INFO: Run Behavior\BuildLiteBehavior [ RunTime:0.001000s ]
INFO: [ app_init ] --END-- [ RunTime:0.002000s ]
INFO: [ app_begin ] --START--
INFO: Run Behavior\ReadHtmlCacheBehavior [ RunTime:0.001000s ]
INFO: [ app_begin ] --END-- [ RunTime:0.001000s ]
NOTIC: [8] A session had already been started - ignoring session_start() C:\Users\dell\Desktop\diandian\Application\Admin\Controller\LoginController.class.php 第 14 行.
SQL: SHOW COLUMNS FROM `roots` [ RunTime:0.0080s ]
SQL: SELECT * FROM `roots` WHERE `root_name` = 'root1' AND `root_password` = 'e10adc3949ba59abbe56e057f20f883e' LIMIT 1   [ RunTime:0.0010s ]

[ 2018-03-18T16:06:44+08:00 ] 127.0.0.1 /index.php/admin/assess/boutique.html
INFO: [ app_init ] --START--
INFO: Run Behavior\BuildLiteBehavior [ RunTime:0.000000s ]
INFO: [ app_init ] --END-- [ RunTime:0.001000s ]
INFO: [ app_begin ] --START--
INFO: Run Behavior\ReadHtmlCacheBehavior [ RunTime:0.001000s ]
INFO: [ app_begin ] --END-- [ RunTime:0.001000s ]
NOTIC: [8] A session had already been started - ignoring session_start() C:\Users\dell\Desktop\diandian\Application\Admin\Controller\AssessController.class.php 第 6 行.
ERR: 1146:Table 'cans.posts' doesn't exist
 [ SQL语句 ] : SHOW COLUMNS FROM `posts`
ERR: 1146:Table 'cans.posts' doesn't exist
 [ SQL语句 ] : SHOW COLUMNS FROM `posts`

[ 2018-03-18T16:06:47+08:00 ] 127.0.0.1 /index.php/admin/login/captcha.html
INFO: [ app_init ] --START--
INFO: Run Behavior\BuildLiteBehavior [ RunTime:0.000000s ]
INFO: [ app_init ] --END-- [ RunTime:0.001000s ]
INFO: [ app_begin ] --START--
INFO: Run Behavior\ReadHtmlCacheBehavior [ RunTime:0.001000s ]
INFO: [ app_begin ] --END-- [ RunTime:0.002000s ]
NOTIC: [8] A session had already been started - ignoring session_start() C:\Users\dell\Desktop\diandian\Application\Admin\Controller\LoginController.class.php 第 14 行.
INFO: [ app_end ] --START--
INFO: Run Behavior\ShowPageTraceBehavior [ RunTime:0.002000s ]
INFO: [ app_end ] --END-- [ RunTime:0.003000s ]

